Exception `Errno::ENOENT' at /home/dan/.rvm/gems/ruby-2.2.1@latex_test/gems/unicorn-5.0.1/lib/unicorn/http_server.rb:713 - No such file or directory @ rb_sysopen - ./tmp/unicorn.pid
I, [2016-03-30T17:49:07.095267 #14431]  INFO -- : listening on addr=0.0.0.0:8080 fd=9
I, [2016-03-30T17:49:07.095371 #14431]  INFO -- : worker=0 spawning...
I, [2016-03-30T17:49:07.096033 #14431]  INFO -- : worker=1 spawning...
I, [2016-03-30T17:49:07.096434 #14433]  INFO -- : worker=0 spawned pid=14433
I, [2016-03-30T17:49:07.096537 #14433]  INFO -- : Refreshing Gem list
I, [2016-03-30T17:49:07.098493 #14431]  INFO -- : master process ready
I, [2016-03-30T17:49:07.099007 #14436]  INFO -- : worker=1 spawned pid=14436
I, [2016-03-30T17:49:07.099140 #14436]  INFO -- : Refreshing Gem list
Exception `LoadError' at /home/dan/.rvm/gems/ruby-2.2.1@latex_test/gems/sinatra-1.4.7/lib/sinatra/show_exceptions.rb:2 - cannot load such file -- rack/show_exceptions
Exception `LoadError' at /home/dan/.rvm/gems/ruby-2.2.1@latex_test/gems/sinatra-1.4.7/lib/sinatra/show_exceptions.rb:2 - cannot load such file -- rack/show_exceptions
Using Ext extension for JSON.
Using Ext extension for JSON.
I, [2016-03-30T17:49:07.175385 #14436]  INFO -- : worker=1 ready
I, [2016-03-30T17:49:07.175380 #14433]  INFO -- : worker=0 ready
127.0.0.1 - - [30/Mar/2016:17:49:15 -0400] "GET / HTTP/1.1" 200 159 0.0357
Exception `Sinatra::NotFound' at /home/dan/.rvm/gems/ruby-2.2.1@latex_test/gems/sinatra-1.4.7/lib/sinatra/base.rb:1030 - Sinatra::NotFound
127.0.0.1 - - [30/Mar/2016:17:49:15 -0400] "GET /favicon.ico HTTP/1.1" 404 505 0.0124
I, [2016-03-30T17:52:02.557923 #14431]  INFO -- : reaped #<Process::Status: pid 14433 exit 0> worker=0
I, [2016-03-30T17:52:02.558003 #14431]  INFO -- : reaped #<Process::Status: pid 14436 exit 0> worker=1
Exception `Errno::ECHILD' at /home/dan/.rvm/gems/ruby-2.2.1@latex_test/gems/unicorn-5.0.1/lib/unicorn/http_server.rb:389 - No child processes
I, [2016-03-30T17:52:02.558112 #14431]  INFO -- : master complete
